1801CS16

MARKS: 10

COMMENTS:
        Wrong Logic/No Implementaion: 0
        Test Case 1 Passed: +4: 4
        Test Case 2 Passed: +4: 4
        Recurssion Used: +2: 2
        
Warning And Errors
prog7.c:78:1: warning: control may reach end of non-void function [-Wreturn-type]
}
^
1 warning generated.

Outputs for Below Test Cases


#####Input (Test Case 1)#####
5
Expected Output = 3:7

#####Output#####
                pb : pa = 3 : 7

#####Input (Test Case 2)#####
10
Expected Output = 5:21

#####Output#####
                pb : pa = 5 : 21
Evaluated by: Harsh