1801CS16

MARKS: 20

COMMENTS:
        Wrong Logic/No Implementaion: 0
        Test Case 1 Passed(GCD): +8: 8
        Test Case 2 Passed(Total No in Group 1 and 2): +6: 6
        Test Case 4 Passed: +2(x values): 2
        Test Case 5 Passed: +4(y values): 4
        
Warning And Errors

Outputs for Below Test Cases


#####Input (Test Case 1)#####
8 10 30
Expected Output = 10 22 22 {7/8} {8/1 8/3 8/5 8/7}

#####Output#####
                10 22 22 {7/8} {8/1 8/3 8/5 8/7}

all the rational numbers in < 1 category are:
0/1 1/2 1/3 1/4 1/5 1/6 1/7 1/8 2/3 2/5 2/7 3/4 3/5 3/7 3/8 4/5 4/7 5/6 5/7 5/8 6/7 7/8 
total number of rational numbers in < 1 category is:22

all the rational numbers in >= 1 category are:
1/1 2/1 3/1 4/1 5/1 6/1 7/1 8/1 3/2 5/2 7/2 4/3 5/3 7/3 8/3 5/4 7/4 6/5 7/5 8/5 7/6 8/7 
total number of rational numbers in >= 1 category is:22

Evaluated by: Harsh